<?xml version="1.0" encoding="UTF-8"?>
<!-- Generated by org.testng.reporters.JUnitReportReporter -->
<testsuite skipped="0" hostname="steveb" name="com.w2a.testcases.OpenAccountTest" tests="1" failures="0" timestamp="29 Jan 2019 11:29:39 GMT" time="2.833" errors="0">
  <testcase name="openAccountTest" time="2.833" classname="com.w2a.testcases.OpenAccountTest"/>
</testsuite> <!-- com.w2a.testcases.OpenAccountTest -->
